# JRE version: OpenJDK Runtime Environment (11.0.11+9) (build 11.0.11+9)
# Java VM: OpenJDK 64-Bit Server VM (11.0.11+9, mixed mode, tiered, compressed oops, g1 gc, linux-amd64)
Heap:
 garbage-first heap   total 258048K, used 118956K [0x00000000a0000000, 0x0000000100000000)
  region size 1024K, 109 young (111616K), 18 survivors (18432K)
 Metaspace       used 86546K, capacity 92921K, committed 93168K, reserved 1126400K
  class space    used 13510K, capacity 16976K, committed 17012K, reserved 1048576K
GC Heap History (12 events):
Event: 0.464 GC heap before
{Heap before GC invocations=0 (full 0):
 garbage-first heap   total 258048K, used 23552K [0x00000000a0000000, 0x0000000100000000)
  region size 1024K, 24 young (24576K), 0 survivors (0K)
 Metaspace       used 11055K, capacity 11414K, committed 11776K, reserved 1060864K
  class space    used 1108K, capacity 1202K, committed 1280K, reserved 1048576K
}
Event: 0.468 GC heap after
{Heap after GC invocations=1 (full 0):
 garbage-first heap   total 258048K, used 2666K [0x00000000a0000000, 0x0000000100000000)
  region size 1024K, 3 young (3072K), 3 survivors (3072K)
 Metaspace       used 11055K, capacity 11414K, committed 11776K, reserved 1060864K
  class space    used 1108K, capacity 1202K, committed 1280K, reserved 1048576K
}
Event: 0.845 GC heap before
{Heap before GC invocations=1 (full 0):
 garbage-first heap   total 258048K, used 39530K [0x00000000a0000000, 0x0000000100000000)
  region size 1024K, 41 young (41984K), 3 survivors (3072K)
 Metaspace       used 20332K, capacity 20888K, committed 21296K, reserved 1069056K
  class space    used 2263K, capacity 2431K, committed 2432K, reserved 1048576K
}
Event: 0.850 GC heap after
{Heap after GC invocations=2 (full 0):
 garbage-first heap   total 258048K, used 6532K [0x00000000a0000000, 0x0000000100000000)
  region size 1024K, 7 young (7168K), 7 survivors (7168K)
 Metaspace       used 20332K, capacity 20888K, committed 21296K, reserved 1069056K
  class space    used 2263K, capacity 2431K, committed 2432K, reserved 1048576K
}
Event: 1.191 GC heap before
{Heap before GC invocations=3 (full 0):
 garbage-first heap   total 258048K, used 57732K [0x00000000a0000000, 0x0000000100000000)
  region size 1024K, 58 young (59392K), 7 survivors (7168K)
 Metaspace       used 34516K, capacity 35534K, committed 35708K, reserved 1081344K
  class space    used 4142K, capacity 4551K, committed 4608K, reserved 1048576K
}
Event: 1.196 GC heap after
{Heap after GC invocations=4 (full 0):
 garbage-first heap   total 258048K, used 9304K [0x00000000a0000000, 0x0000000100000000)
  region size 1024K, 7 young (7168K), 7 survivors (7168K)
 Metaspace       used 34516K, capacity 35534K, committed 35708K, reserved 1081344K
  class space    used 4142K, capacity 4551K, committed 4608K, reserved 1048576K
}
Event: 1.197 GC heap before
{Heap before GC invocations=4 (full 0):
 garbage-first heap   total 258048K, used 9304K [0x00000000a0000000, 0x0000000100000000)
  region size 1024K, 8 young (8192K), 7 survivors (7168K)
 Metaspace       used 34519K, capacity 35534K, committed 35708K, reserved 1081344K
  class space    used 4142K, capacity 4551K, committed 4608K, reserved 1048576K
}
Event: 1.200 GC heap after
{Heap after GC invocations=5 (full 0):
 garbage-first heap   total 258048K, used 9018K [0x00000000a0000000, 0x0000000100000000)
  region size 1024K, 7 young (7168K), 7 survivors (7168K)
 Metaspace       used 34519K, capacity 35534K, committed 35708K, reserved 1081344K
  class space    used 4142K, capacity 4551K, committed 4608K, reserved 1048576K
}
Event: 1.974 GC heap before
{Heap before GC invocations=6 (full 0):
 garbage-first heap   total 258048K, used 103226K [0x00000000a0000000, 0x0000000100000000)
  region size 1024K, 100 young (102400K), 7 survivors (7168K)
 Metaspace       used 57042K, capacity 59738K, committed 59900K, reserved 1099776K
  class space    used 7997K, capacity 9535K, committed 9600K, reserved 1048576K
}
Event: 1.991 GC heap after
{Heap after GC invocations=7 (full 0):
 garbage-first heap   total 258048K, used 17343K [0x00000000a0000000, 0x0000000100000000)
  region size 1024K, 14 young (14336K), 14 survivors (14336K)
 Metaspace       used 57042K, capacity 59738K, committed 59900K, reserved 1099776K
  class space    used 7997K, capacity 9535K, committed 9600K, reserved 1048576K
}
Event: 3.591 GC heap before
{Heap before GC invocations=8 (full 0):
 garbage-first heap   total 258048K, used 157631K [0x00000000a0000000, 0x0000000100000000)
  region size 1024K, 151 young (154624K), 14 survivors (14336K)
 Metaspace       used 78224K, capacity 83505K, committed 83568K, reserved 1118208K
  class space    used 11916K, capacity 14796K, committed 14836K, reserved 1048576K
}
Event: 3.626 GC heap after
{Heap after GC invocations=9 (full 0):
 garbage-first heap   total 258048K, used 26796K [0x00000000a0000000, 0x0000000100000000)
  region size 1024K, 18 young (18432K), 18 survivors (18432K)
 Metaspace       used 78224K, capacity 83505K, committed 83568K, reserved 1118208K
  class space    used 11916K, capacity 14796K, committed 14836K, reserved 1048576K
}

