# JRE version: OpenJDK Runtime Environment (11.0.10+9) (build 11.0.10+9)
# Java VM: OpenJDK 64-Bit Server VM (11.0.10+9, mixed mode, tiered, compressed oops, g1 gc, linux-amd64)
Heap:
 garbage-first heap   total 258048K, used 96806K [0x00000000a0000000, 0x0000000100000000)
  region size 1024K, 56 young (57344K), 11 survivors (11264K)
 Metaspace       used 102023K, capacity 109662K, committed 110176K, reserved 1140736K
  class space    used 15506K, capacity 19570K, committed 19712K, reserved 1048576K
GC Heap History (16 events):
Event: 0.419 GC heap before
{Heap before GC invocations=0 (full 0):
 garbage-first heap   total 258048K, used 23552K [0x00000000a0000000, 0x0000000100000000)
  region size 1024K, 24 young (24576K), 0 survivors (0K)
 Metaspace       used 11038K, capacity 11350K, committed 11520K, reserved 1058816K
  class space    used 1109K, capacity 1202K, committed 1280K, reserved 1048576K
}
Event: 0.422 GC heap after
{Heap after GC invocations=1 (full 0):
 garbage-first heap   total 258048K, used 3254K [0x00000000a0000000, 0x0000000100000000)
  region size 1024K, 3 young (3072K), 3 survivors (3072K)
 Metaspace       used 11038K, capacity 11350K, committed 11520K, reserved 1058816K
  class space    used 1109K, capacity 1202K, committed 1280K, reserved 1048576K
}
Event: 0.739 GC heap before
{Heap before GC invocations=1 (full 0):
 garbage-first heap   total 258048K, used 34998K [0x00000000a0000000, 0x0000000100000000)
  region size 1024K, 36 young (36864K), 3 survivors (3072K)
 Metaspace       used 20265K, capacity 20773K, committed 21248K, reserved 1069056K
  class space    used 2277K, capacity 2434K, committed 2560K, reserved 1048576K
}
Event: 0.744 GC heap after
{Heap after GC invocations=2 (full 0):
 garbage-first heap   total 258048K, used 6500K [0x00000000a0000000, 0x0000000100000000)
  region size 1024K, 7 young (7168K), 7 survivors (7168K)
 Metaspace       used 20265K, capacity 20773K, committed 21248K, reserved 1069056K
  class space    used 2277K, capacity 2434K, committed 2560K, reserved 1048576K
}
Event: 1.074 GC heap before
{Heap before GC invocations=3 (full 0):
 garbage-first heap   total 258048K, used 54628K [0x00000000a0000000, 0x0000000100000000)
  region size 1024K, 55 young (56320K), 7 survivors (7168K)
 Metaspace       used 33312K, capacity 34286K, committed 34432K, reserved 1079296K
  class space    used 4034K, capacity 4459K, committed 4480K, reserved 1048576K
}
Event: 1.081 GC heap after
{Heap after GC invocations=4 (full 0):
 garbage-first heap   total 258048K, used 8865K [0x00000000a0000000, 0x0000000100000000)
  region size 1024K, 6 young (6144K), 6 survivors (6144K)
 Metaspace       used 33312K, capacity 34286K, committed 34432K, reserved 1079296K
  class space    used 4034K, capacity 4459K, committed 4480K, reserved 1048576K
}
Event: 1.718 GC heap before
{Heap before GC invocations=5 (full 0):
 garbage-first heap   total 258048K, used 97953K [0x00000000a0000000, 0x0000000100000000)
  region size 1024K, 94 young (96256K), 6 survivors (6144K)
 Metaspace       used 55078K, capacity 57591K, committed 57728K, reserved 1097728K
  class space    used 7761K, capacity 9246K, committed 9344K, reserved 1048576K
}
Event: 1.737 GC heap after
{Heap after GC invocations=6 (full 0):
 garbage-first heap   total 258048K, used 16630K [0x00000000a0000000, 0x0000000100000000)
  region size 1024K, 14 young (14336K), 14 survivors (14336K)
 Metaspace       used 55078K, capacity 57591K, committed 57728K, reserved 1097728K
  class space    used 7761K, capacity 9246K, committed 9344K, reserved 1048576K
}
Event: 2.948 GC heap before
{Heap before GC invocations=7 (full 0):
 garbage-first heap   total 258048K, used 133366K [0x00000000a0000000, 0x0000000100000000)
  region size 1024K, 130 young (133120K), 14 survivors (14336K)
 Metaspace       used 74861K, capacity 79679K, committed 79780K, reserved 1116160K
  class space    used 11341K, capacity 14051K, committed 14080K, reserved 1048576K
}
Event: 2.960 GC heap after
{Heap after GC invocations=8 (full 0):
 garbage-first heap   total 258048K, used 25615K [0x00000000a0000000, 0x0000000100000000)
  region size 1024K, 17 young (17408K), 17 survivors (17408K)
 Metaspace       used 74861K, capacity 79679K, committed 79780K, reserved 1116160K
  class space    used 11341K, capacity 14051K, committed 14080K, reserved 1048576K
}
Event: 4.315 GC heap before
{Heap before GC invocations=8 (full 0):
 garbage-first heap   total 258048K, used 218127K [0x00000000a0000000, 0x0000000100000000)
  region size 1024K, 151 young (154624K), 17 survivors (17408K)
 Metaspace       used 87803K, capacity 94015K, committed 94116K, reserved 1126400K
  class space    used 13497K, capacity 16871K, committed 16896K, reserved 1048576K
}
Event: 4.329 GC heap after
{Heap after GC invocations=9 (full 0):
 garbage-first heap   total 258048K, used 34688K [0x00000000a0000000, 0x0000000100000000)
  region size 1024K, 18 young (18432K), 18 survivors (18432K)
 Metaspace       used 87803K, capacity 94015K, committed 94116K, reserved 1126400K
  class space    used 13497K, capacity 16871K, committed 16896K, reserved 1048576K
}
Event: 4.962 GC heap before
{Heap before GC invocations=9 (full 0):
 garbage-first heap   total 258048K, used 140160K [0x00000000a0000000, 0x0000000100000000)
  region size 1024K, 83 young (84992K), 18 survivors (18432K)
 Metaspace       used 90348K, capacity 96773K, committed 96916K, reserved 1128448K
  class space    used 13879K, capacity 17385K, committed 17408K, reserved 1048576K
}
Event: 5.000 GC heap after
{Heap after GC invocations=10 (full 0):
 garbage-first heap   total 258048K, used 44247K [0x00000000a0000000, 0x0000000100000000)
  region size 1024K, 19 young (19456K), 19 survivors (19456K)
 Metaspace       used 90348K, capacity 96773K, committed 96916K, reserved 1128448K
  class space    used 13879K, capacity 17385K, committed 17408K, reserved 1048576K
}
Event: 6.822 GC heap before
{Heap before GC invocations=11 (full 0):
 garbage-first heap   total 258048K, used 176343K [0x00000000a0000000, 0x0000000100000000)
  region size 1024K, 148 young (151552K), 19 survivors (19456K)
 Metaspace       used 101874K, capacity 109524K, committed 109664K, reserved 1138688K
  class space    used 15567K, capacity 19705K, committed 19712K, reserved 1048576K
}
Event: 6.832 GC heap after
{Heap after GC invocations=12 (full 0):
 garbage-first heap   total 258048K, used 52774K [0x00000000a0000000, 0x0000000100000000)
  region size 1024K, 11 young (11264K), 11 survivors (11264K)
 Metaspace       used 101874K, capacity 109524K, committed 109664K, reserved 1138688K
  class space    used 15567K, capacity 19705K, committed 19712K, reserved 1048576K
}

